bundler: failed to load command: bin/rails (bin/rails)
/home/nisha/.rvm/rubies/ruby-2.6.5/lib/ruby/site_ruby/2.6.0/bundler/definition.rb:470:in `validate_ruby!': Your Ruby version is 2.6.5, but your Gemfile specified 2.7.1 (Bundler::RubyVersionMismatch)
	from /home/nisha/.rvm/rubies/ruby-2.6.5/lib/ruby/site_ruby/2.6.0/bundler/definition.rb:445:in `validate_runtime!'
	from /home/nisha/.rvm/rubies/ruby-2.6.5/lib/ruby/site_ruby/2.6.0/bundler.rb:143:in `setup'
	from /home/nisha/.rvm/rubies/ruby-2.6.5/lib/ruby/site_ruby/2.6.0/bundler/setup.rb:20:in `block in <top (required)>'
	from /home/nisha/.rvm/rubies/ruby-2.6.5/lib/ruby/site_ruby/2.6.0/bundler/ui/shell.rb:136:in `with_level'
	from /home/nisha/.rvm/rubies/ruby-2.6.5/lib/ruby/site_ruby/2.6.0/bundler/ui/shell.rb:88:in `silence'
	from /home/nisha/.rvm/rubies/ruby-2.6.5/lib/ruby/site_ruby/2.6.0/bundler/setup.rb:20:in `<top (required)>'
	from /home/nisha/.rvm/rubies/ruby-2.6.5/lib/ruby/site_ruby/2.6.0/bundler/cli/exec.rb:61:in `require_relative'
	from /home/nisha/.rvm/rubies/ruby-2.6.5/lib/ruby/site_ruby/2.6.0/bundler/cli/exec.rb:61:in `kernel_load'
	from /home/nisha/.rvm/rubies/ruby-2.6.5/lib/ruby/site_ruby/2.6.0/bundler/cli/exec.rb:28:in `run'
	from /home/nisha/.rvm/rubies/ruby-2.6.5/lib/ruby/site_ruby/2.6.0/bundler/cli.rb:474:in `exec'
	from /home/nisha/.rvm/rubies/ruby-2.6.5/lib/ruby/site_ruby/2.6.0/bundler/vendor/thor/lib/thor/command.rb:27:in `run'
	from /home/nisha/.rvm/rubies/ruby-2.6.5/lib/ruby/site_ruby/2.6.0/bundler/vendor/thor/lib/thor/invocation.rb:127:in `invoke_command'
	from /home/nisha/.rvm/rubies/ruby-2.6.5/lib/ruby/site_ruby/2.6.0/bundler/vendor/thor/lib/thor.rb:392:in `dispatch'
	from /home/nisha/.rvm/rubies/ruby-2.6.5/lib/ruby/site_ruby/2.6.0/bundler/cli.rb:30:in `dispatch'
	from /home/nisha/.rvm/rubies/ruby-2.6.5/lib/ruby/site_ruby/2.6.0/bundler/vendor/thor/lib/thor/base.rb:485:in `start'
	from /home/nisha/.rvm/rubies/ruby-2.6.5/lib/ruby/site_ruby/2.6.0/bundler/cli.rb:24:in `start'
	from /home/nisha/.rvm/rubies/ruby-2.6.5/lib/ruby/gems/2.6.0/gems/bundler-2.2.21/exe/bundle:49:in `block in <top (required)>'
	from /home/nisha/.rvm/rubies/ruby-2.6.5/lib/ruby/site_ruby/2.6.0/bundler/friendly_errors.rb:128:in `with_friendly_errors'
	from /home/nisha/.rvm/rubies/ruby-2.6.5/lib/ruby/gems/2.6.0/gems/bundler-2.2.21/exe/bundle:37:in `<top (required)>'
	from /home/nisha/.rvm/gems/ruby-2.6.5/bin/bundle:23:in `load'
	from /home/nisha/.rvm/gems/ruby-2.6.5/bin/bundle:23:in `<main>'
bundler: failed to load command: bin/rails (bin/rails)
/home/nisha/.rvm/rubies/ruby-2.6.5/lib/ruby/site_ruby/2.6.0/bundler/definition.rb:470:in `validate_ruby!': Your Ruby version is 2.6.5, but your Gemfile specified 2.7.1 (Bundler::RubyVersionMismatch)
	from /home/nisha/.rvm/rubies/ruby-2.6.5/lib/ruby/site_ruby/2.6.0/bundler/definition.rb:445:in `validate_runtime!'
	from /home/nisha/.rvm/rubies/ruby-2.6.5/lib/ruby/site_ruby/2.6.0/bundler.rb:143:in `setup'
	from /home/nisha/.rvm/rubies/ruby-2.6.5/lib/ruby/site_ruby/2.6.0/bundler/setup.rb:20:in `block in <top (required)>'
	from /home/nisha/.rvm/rubies/ruby-2.6.5/lib/ruby/site_ruby/2.6.0/bundler/ui/shell.rb:136:in `with_level'
	from /home/nisha/.rvm/rubies/ruby-2.6.5/lib/ruby/site_ruby/2.6.0/bundler/ui/shell.rb:88:in `silence'
	from /home/nisha/.rvm/rubies/ruby-2.6.5/lib/ruby/site_ruby/2.6.0/bundler/setup.rb:20:in `<top (required)>'
	from /home/nisha/.rvm/rubies/ruby-2.6.5/lib/ruby/site_ruby/2.6.0/bundler/cli/exec.rb:61:in `require_relative'
	from /home/nisha/.rvm/rubies/ruby-2.6.5/lib/ruby/site_ruby/2.6.0/bundler/cli/exec.rb:61:in `kernel_load'
	from /home/nisha/.rvm/rubies/ruby-2.6.5/lib/ruby/site_ruby/2.6.0/bundler/cli/exec.rb:28:in `run'
	from /home/nisha/.rvm/rubies/ruby-2.6.5/lib/ruby/site_ruby/2.6.0/bundler/cli.rb:474:in `exec'
	from /home/nisha/.rvm/rubies/ruby-2.6.5/lib/ruby/site_ruby/2.6.0/bundler/vendor/thor/lib/thor/command.rb:27:in `run'
	from /home/nisha/.rvm/rubies/ruby-2.6.5/lib/ruby/site_ruby/2.6.0/bundler/vendor/thor/lib/thor/invocation.rb:127:in `invoke_command'
	from /home/nisha/.rvm/rubies/ruby-2.6.5/lib/ruby/site_ruby/2.6.0/bundler/vendor/thor/lib/thor.rb:392:in `dispatch'
	from /home/nisha/.rvm/rubies/ruby-2.6.5/lib/ruby/site_ruby/2.6.0/bundler/cli.rb:30:in `dispatch'
	from /home/nisha/.rvm/rubies/ruby-2.6.5/lib/ruby/site_ruby/2.6.0/bundler/vendor/thor/lib/thor/base.rb:485:in `start'
	from /home/nisha/.rvm/rubies/ruby-2.6.5/lib/ruby/site_ruby/2.6.0/bundler/cli.rb:24:in `start'
	from /home/nisha/.rvm/rubies/ruby-2.6.5/lib/ruby/gems/2.6.0/gems/bundler-2.2.21/exe/bundle:49:in `block in <top (required)>'
	from /home/nisha/.rvm/rubies/ruby-2.6.5/lib/ruby/site_ruby/2.6.0/bundler/friendly_errors.rb:128:in `with_friendly_errors'
	from /home/nisha/.rvm/rubies/ruby-2.6.5/lib/ruby/gems/2.6.0/gems/bundler-2.2.21/exe/bundle:37:in `<top (required)>'
	from /home/nisha/.rvm/gems/ruby-2.6.5/bin/bundle:23:in `load'
	from /home/nisha/.rvm/gems/ruby-2.6.5/bin/bundle:23:in `<main>'
